2025-06-12 02:16:13,080 - INFO - ✅ КОМПЛЕКСНА ЛОГІКА ПАРСИНГУ ЗАМОВЛЕНЬ
2025-06-12 02:16:13,080 - INFO - ============================================================
2025-06-12 02:16:13,080 - INFO - 📋 Основні компоненти:
2025-06-12 02:16:13,080 - INFO -   1. PaymentMethodManager - розпізнавання методів оплати
2025-06-12 02:16:13,080 - INFO -   2. ClarificationParser - парсинг уточнень (розміри, заміри, коментарі)
2025-06-12 02:16:13,081 - INFO -   3. ClientManager - дедуплікація клієнтів по телефону/Facebook
2025-06-12 02:16:13,081 - INFO -   4. ProductPriceManager - синхронізація цін товарів
2025-06-12 02:16:13,081 - INFO - 
🔧 Ключові особливості:
2025-06-12 02:16:13,081 - INFO -   ✅ Обробка множинних товарів у замовленні (розділених ';')
2025-06-12 02:16:13,081 - INFO -   ✅ Автоматичне оновлення розмірів товарів з уточнень
2025-06-12 02:16:13,081 - INFO -   ✅ Переказ останньої ціни продажу в поточну ціну товару
2025-06-12 02:16:13,081 - INFO -   ✅ Збереження старої ціни в поле oldprice
2025-06-12 02:16:13,081 - INFO -   ✅ Розпізнавання 3 методів оплати: Карта, Готівка, Переказ
2025-06-12 02:16:13,081 - INFO -   ✅ Об'єднання клієнтів за номером телефону або Facebook URL
2025-06-12 02:16:13,081 - INFO - 🧪 ТЕСТУВАННЯ КОМПОНЕНТІВ ПАРСИНГУ
2025-06-12 02:16:13,081 - INFO - ==================================================
2025-06-12 02:16:13,081 - INFO - 💰 Тестування розпізнавання методів оплати:
2025-06-12 02:16:13,081 - INFO -   'термінал' → Карта
2025-06-12 02:16:13,081 - INFO -   'на карту' → Карта
2025-06-12 02:16:13,081 - INFO -   'готівкою' → Готівка
2025-06-12 02:16:13,081 - INFO -   'переказ' → Переказ
2025-06-12 02:16:13,081 - INFO -   'приват24' → None
2025-06-12 02:16:13,081 - INFO -   'звичайний коментар' → None
2025-06-12 02:16:13,081 - INFO - 
📝 Тестування парсингу уточнень:
2025-06-12 02:16:13,082 - INFO -   'Ф2181 (38);' → size_with_code: [{'product_code': 'Ф2181', 'size': '38'}]
2025-06-12 02:16:13,082 - INFO -   '38 розмір' → size: {'size': '38'}
2025-06-12 02:16:13,082 - INFO -   '28.5 см' → size: {'size': '28.5'}
2025-06-12 02:16:13,082 - INFO -   'термінал' → payment: {'method': 'Карта'}
2025-06-12 02:16:13,082 - INFO -   'Разом з Люба Подгорна' → comment: {'comment': 'Разом з Люба Подгорна'}
2025-06-12 02:16:13,082 - INFO -   'Ф2080 (41); Ф1626 (40.6);' → size_with_code: [{'product_code': 'Ф2080', 'size': '41'}]
2025-06-12 02:16:13,082 - INFO - 
🚀 Скрипт готовий до запуску повного парсингу замовлень!
