2025-06-12 02:21:53,005 - INFO - ✅ Комплексний парсер замовлень створено!
2025-06-12 02:30:02,569 - INFO - 🚀 ПОЧАТОК ТЕСТУВАННЯ КОМПЛЕКСНОГО ПАРСЕРА
2025-06-12 02:30:02,569 - INFO - ==================================================
2025-06-12 02:30:02,569 - INFO - 🧪 Тестування PaymentMethodManager
2025-06-12 02:30:02,569 - INFO -   ✅ 'термінал' → Карта (очікувалось: Карта)
2025-06-12 02:30:02,569 - INFO -   ✅ 'готівкою' → Готівка (очікувалось: Готівка)
2025-06-12 02:30:02,569 - INFO -   ❌ 'на карту' → Карта (очікувалось: Переказ)
2025-06-12 02:30:02,570 - INFO -   ✅ 'картою' → Карта (очікувалось: Карта)
2025-06-12 02:30:02,570 - INFO -   ❌ 'наличными' → None (очікувалось: Готівка)
2025-06-12 02:30:02,570 - INFO -   ✅ 'звичайний коментар' → None (очікувалось: None)
2025-06-12 02:30:02,570 - INFO - 🧪 Тестування ClarificationParser
2025-06-12 02:30:02,570 - INFO -   ✅ 'Ф2181 (38);' → size_with_code (очікувалось: size_with_code)
2025-06-12 02:30:02,570 - INFO -       Дані: [{'product_code': 'Ф2181', 'size': '38'}]
2025-06-12 02:30:02,570 - INFO -   ✅ '38 розмір' → size (очікувалось: size)
2025-06-12 02:30:02,570 - INFO -       Дані: {'size': '38'}
2025-06-12 02:30:02,570 - INFO -   ❌ '27.5 см' → size (очікувалось: measurement)
2025-06-12 02:30:02,570 - INFO -       Дані: {'size': '27.5'}
2025-06-12 02:30:02,570 - INFO -   ✅ 'термінал' → payment (очікувалось: payment)
2025-06-12 02:30:02,570 - INFO -       Дані: {'method': 'Карта'}
2025-06-12 02:30:02,570 - INFO -   ✅ 'Разом з Люба Подгорна' → comment (очікувалось: comment)
2025-06-12 02:30:02,570 - INFO -       Дані: {'comment': 'Разом з Люба Подгорна'}
2025-06-12 02:30:02,570 - INFO - 🧪 Тестування базової функціональності
2025-06-12 02:30:02,570 - INFO -   Коди товарів: ['Ф2181', 'Ф1300', 'Ф2080']
2025-06-12 02:30:02,570 - INFO -   ✅ Парсинг кодів товарів працює
2025-06-12 02:30:02,570 - INFO - ==================================================
2025-06-12 02:30:02,570 - INFO - ✅ ТЕСТУВАННЯ ЗАВЕРШЕНО
2025-06-12 02:30:37,655 - INFO - 🚀 ПОЧАТОК ТЕСТУВАННЯ КОМПЛЕКСНОГО ПАРСЕРА
2025-06-12 02:30:37,656 - INFO - ==================================================
2025-06-12 02:30:37,656 - INFO - 🧪 Тестування PaymentMethodManager
2025-06-12 02:30:37,656 - INFO -   ✅ 'термінал' → Карта (очікувалось: Карта)
2025-06-12 02:30:37,656 - INFO -   ✅ 'готівкою' → Готівка (очікувалось: Готівка)
2025-06-12 02:30:37,656 - INFO -   ❌ 'на карту' → Карта (очікувалось: Переказ)
2025-06-12 02:30:37,656 - INFO -   ✅ 'картою' → Карта (очікувалось: Карта)
2025-06-12 02:30:37,656 - INFO -   ❌ 'наличными' → None (очікувалось: Готівка)
2025-06-12 02:30:37,656 - INFO -   ✅ 'звичайний коментар' → None (очікувалось: None)
2025-06-12 02:30:37,656 - INFO - 🧪 Тестування ClarificationParser
2025-06-12 02:30:37,657 - INFO -   ✅ 'Ф2181 (38);' → size_with_code (очікувалось: size_with_code)
2025-06-12 02:30:37,657 - INFO -       Дані: [{'product_code': 'Ф2181', 'size': '38'}]
2025-06-12 02:30:37,657 - INFO -   ✅ '38 розмір' → size (очікувалось: size)
2025-06-12 02:30:37,657 - INFO -       Дані: {'size': '38'}
2025-06-12 02:30:37,657 - INFO -   ✅ '27.5 см' → measurement (очікувалось: measurement)
2025-06-12 02:30:37,657 - INFO -       Дані: {'measurement': '27.5'}
2025-06-12 02:30:37,657 - INFO -   ✅ 'термінал' → payment (очікувалось: payment)
2025-06-12 02:30:37,657 - INFO -       Дані: {'method': 'Карта'}
2025-06-12 02:30:37,657 - INFO -   ✅ 'Разом з Люба Подгорна' → comment (очікувалось: comment)
2025-06-12 02:30:37,657 - INFO -       Дані: {'comment': 'Разом з Люба Подгорна'}
2025-06-12 02:30:37,657 - INFO - 🧪 Тестування базової функціональності
2025-06-12 02:30:37,657 - INFO -   Коди товарів: ['Ф2181', 'Ф1300', 'Ф2080']
2025-06-12 02:30:37,657 - INFO -   ✅ Парсинг кодів товарів працює
2025-06-12 02:30:37,657 - INFO - ==================================================
2025-06-12 02:30:37,657 - INFO - ✅ ТЕСТУВАННЯ ЗАВЕРШЕНО
