--- Проблеми з парсингом аркушів Google Sheets (2025-06-01 20:08:56) ---

## Загальна статистика
- Загальна кількість проблем: 2
- Кількість аркушів з проблемами: 1
- Кількість унікальних рядків з проблемами: 1
- Кількість унікальних клієнтів з проблемами: 1

## Статистика за типами проблем
- Помилка при відкритті файлу Замовлення: 2 випадків (100.00%)


### Аркуш: N/A (2 проблем)

#### Помилка при відкритті файлу Замовлення (2 випадків)
- Рядок N/A, Клієнт: N/A
  Проблема: Помилка при відкритті файлу Замовлення: 
  Рекомендація: Перевірте дані в Google Sheets та виправте проблему.

- Рядок N/A, Клієнт: N/A
  Проблема: Помилка при відкритті файлу Замовлення: 
  Рекомендація: Перевірте дані в Google Sheets та виправте проблему.


## Рекомендації
1. Перевірте правильність введення номерів продуктів та клонів
2. Переконайтеся, що дати замовлень вказані в правильному форматі
3. Перевірте наявність усіх обов'язкових полів для замовлень
